<?xml version="1.0" encoding="UTF-8"?>
<coverage generated="1712000224642" clover="3.2.0">
  <project timestamp="1712000224642" name="All files">
    <metrics statements="49" coveredstatements="40" conditionals="8" coveredconditionals="8" methods="36" coveredmethods="24" elements="93" coveredelements="72" complexity="0" loc="49" ncloc="49" packages="1" files="2" classes="2"/>
    <file name="todo.js" path="C:\Users\John\Documents\LSJS\lesson_5\testerino\todo.js">
      <metrics statements="11" coveredstatements="9" conditionals="2" coveredconditionals="2" methods="6" coveredmethods="4"/>
      <line num="2" count="1" type="stmt"/>
      <line num="3" count="1" type="stmt"/>
      <line num="6" count="48" type="stmt"/>
      <line num="7" count="48" type="stmt"/>
      <line num="11" count="6" type="cond" truecount="2" falsecount="0"/>
      <line num="12" count="6" type="stmt"/>
      <line num="16" count="7" type="stmt"/>
      <line num="20" count="0" type="stmt"/>
      <line num="24" count="14" type="stmt"/>
      <line num="28" count="0" type="stmt"/>
      <line num="32" count="1" type="stmt"/>
    </file>
    <file name="todoslist.js" path="C:\Users\John\Documents\LSJS\lesson_5\testerino\todoslist.js">
      <metrics statements="38" coveredstatements="31" conditionals="6" coveredconditionals="6" methods="30" coveredmethods="20"/>
      <line num="1" count="1" type="stmt"/>
      <line num="4" count="17" type="stmt"/>
      <line num="5" count="17" type="stmt"/>
      <line num="8" count="50" type="cond" truecount="2" falsecount="0"/>
      <line num="9" count="49" type="stmt"/>
      <line num="11" count="1" type="stmt"/>
      <line num="15" count="22" type="stmt"/>
      <line num="18" count="1" type="stmt"/>
      <line num="21" count="1" type="stmt"/>
      <line num="24" count="4" type="stmt"/>
      <line num="25" count="2" type="stmt"/>
      <line num="28" count="2" type="stmt"/>
      <line num="31" count="0" type="stmt"/>
      <line num="34" count="8" type="stmt"/>
      <line num="37" count="1" type="stmt"/>
      <line num="41" count="1" type="stmt"/>
      <line num="44" count="1" type="stmt"/>
      <line num="45" count="0" type="stmt"/>
      <line num="48" count="2" type="stmt"/>
      <line num="49" count="6" type="stmt"/>
      <line num="50" count="2" type="stmt"/>
      <line num="53" count="3" type="stmt"/>
      <line num="54" count="9" type="stmt"/>
      <line num="59" count="1" type="stmt"/>
      <line num="60" count="1" type="stmt"/>
      <line num="61" count="3" type="cond" truecount="2" falsecount="0"/>
      <line num="62" count="1" type="stmt"/>
      <line num="66" count="1" type="stmt"/>
      <line num="70" count="0" type="stmt"/>
      <line num="73" count="0" type="stmt"/>
      <line num="76" count="0" type="stmt"/>
      <line num="79" count="0" type="stmt"/>
      <line num="82" count="6" type="stmt"/>
      <line num="85" count="0" type="stmt"/>
      <line num="88" count="3" type="stmt"/>
      <line num="92" count="5" type="cond" truecount="2" falsecount="0"/>
      <line num="93" count="3" type="stmt"/>
      <line num="98" count="1" type="stmt"/>
    </file>
  </project>
</coverage>
