TN:
SF:testerino\todo.js
FN:5,(anonymous_0)
FN:10,(anonymous_1)
FN:15,(anonymous_2)
FN:19,(anonymous_3)
FN:23,(anonymous_4)
FN:27,(anonymous_5)
FNF:6
FNH:4
FNDA:48,(anonymous_0)
FNDA:6,(anonymous_1)
FNDA:7,(anonymous_2)
FNDA:0,(anonymous_3)
FNDA:14,(anonymous_4)
FNDA:0,(anonymous_5)
DA:2,1
DA:3,1
DA:6,48
DA:7,48
DA:11,6
DA:12,6
DA:16,7
DA:20,0
DA:24,14
DA:28,0
DA:32,1
LF:11
LH:9
BRDA:11,0,0,1
BRDA:11,0,1,5
BRF:2
BRH:2
end_of_record
TN:
SF:testerino\todoslist.js
FN:3,(anonymous_0)
FN:7,(anonymous_1)
FN:14,(anonymous_2)
FN:17,(anonymous_3)
FN:20,(anonymous_4)
FN:23,(anonymous_5)
FN:27,(anonymous_6)
FN:30,(anonymous_7)
FN:33,(anonymous_8)
FN:34,(anonymous_9)
FN:36,(anonymous_10)
FN:40,(anonymous_11)
FN:43,(anonymous_12)
FN:47,(anonymous_13)
FN:49,(anonymous_14)
FN:52,(anonymous_15)
FN:57,(anonymous_16)
FN:69,(anonymous_17)
FN:70,(anonymous_18)
FN:72,(anonymous_19)
FN:73,(anonymous_20)
FN:75,(anonymous_21)
FN:76,(anonymous_22)
FN:78,(anonymous_23)
FN:81,(anonymous_24)
FN:82,(anonymous_25)
FN:84,(anonymous_26)
FN:85,(anonymous_27)
FN:87,(anonymous_28)
FN:91,(anonymous_29)
FNF:30
FNH:20
FNDA:17,(anonymous_0)
FNDA:50,(anonymous_1)
FNDA:22,(anonymous_2)
FNDA:1,(anonymous_3)
FNDA:1,(anonymous_4)
FNDA:4,(anonymous_5)
FNDA:2,(anonymous_6)
FNDA:0,(anonymous_7)
FNDA:4,(anonymous_8)
FNDA:8,(anonymous_9)
FNDA:1,(anonymous_10)
FNDA:1,(anonymous_11)
FNDA:1,(anonymous_12)
FNDA:2,(anonymous_13)
FNDA:6,(anonymous_14)
FNDA:3,(anonymous_15)
FNDA:1,(anonymous_16)
FNDA:0,(anonymous_17)
FNDA:0,(anonymous_18)
FNDA:0,(anonymous_19)
FNDA:0,(anonymous_20)
FNDA:0,(anonymous_21)
FNDA:0,(anonymous_22)
FNDA:0,(anonymous_23)
FNDA:2,(anonymous_24)
FNDA:6,(anonymous_25)
FNDA:0,(anonymous_26)
FNDA:0,(anonymous_27)
FNDA:3,(anonymous_28)
FNDA:5,(anonymous_29)
DA:1,1
DA:4,17
DA:5,17
DA:8,50
DA:9,49
DA:11,1
DA:15,22
DA:18,1
DA:21,1
DA:24,4
DA:25,2
DA:28,2
DA:31,0
DA:34,8
DA:37,1
DA:41,1
DA:44,1
DA:45,0
DA:48,2
DA:49,6
DA:50,2
DA:53,3
DA:54,9
DA:59,1
DA:60,1
DA:61,3
DA:62,1
DA:66,1
DA:70,0
DA:73,0
DA:76,0
DA:79,0
DA:82,6
DA:85,0
DA:88,3
DA:92,5
DA:93,3
DA:98,1
LF:38
LH:31
BRDA:8,0,0,49
BRDA:8,0,1,1
BRDA:61,1,0,1
BRDA:61,1,1,2
BRDA:92,2,0,3
BRDA:92,2,1,2
BRF:6
BRH:6
end_of_record
